<?xml version="1.0" encoding="UTF-8"?>
<!-- Generated by org.testng.reporters.JUnitReportReporter -->
<testsuite hostname="LAPTOP-1826LOER" failures="0" tests="1" name="com.ws.base.DriverScript" time="5.271" errors="0" timestamp="2024-02-22T07:51:48 IST" skipped="0">
  <testcase classname="com.ws.base.DriverScript" name="initApplication" time="5.271"/>
  <system-out/>
</testsuite> <!-- com.ws.base.DriverScript -->
