<?xml version="1.0" encoding="UTF-8"?>
<!-- Generated by org.testng.reporters.JUnitReportReporter -->
<testsuite hostname="LAPTOP-1826LOER" failures="0" tests="2" name="com.ws.tests.TestLoginPage" time="14.092" errors="0" timestamp="2024-02-22T08:30:00 IST" skipped="0">
  <testcase classname="com.ws.tests.TestLoginPage" name="testHomePageTitle" time="6.624"/>
  <system-out/>
  <testcase classname="com.ws.tests.TestLoginPage" name="testLoginFunction" time="7.468"/>
  <system-out/>
</testsuite> <!-- com.ws.tests.TestLoginPage -->
