<?xml version="1.0" encoding="UTF-8"?>
<!-- Generated by org.testng.reporters.JUnitReportReporter -->
<testsuite hostname="LAPTOP-1826LOER" failures="0" tests="3" name="com.ws.tests.TestLoginPage" time="21.030" errors="0" timestamp="2024-02-27T07:55:17 IST" skipped="0">
  <testcase classname="com.ws.tests.TestLoginPage" name="testHomePageTitle" time="4.729"/>
  <system-out/>
  <testcase classname="com.ws.tests.TestLoginPage" name="testLoginFunction" time="6.716"/>
  <system-out/>
  <testcase classname="com.ws.tests.TestLoginPage" name="testIsForgotpasswordLinkPresent" time="9.585"/>
  <system-out/>
</testsuite> <!-- com.ws.tests.TestLoginPage -->
